<?xml version="1.0" encoding="UTF-8"?>
<testsuite xmlns:xsi="http://www.w3.org/2001/XMLSchema-instance" xsi:noNamespaceSchemaLocation="https://maven.apache.org/surefire/maven-surefire-plugin/xsd/surefire-test-report.xsd" name="TestSuite" time="5.384" tests="12" errors="0" skipped="11" failures="1">
  <properties>
[...]
</properties>
  <testcase name="SetupBrowser" classname="org.example.TestSuite" time="5.067">
    <failure message="Process unexpectedly closed with status 0&#10;Build info: version: &apos;3.141.59&apos;, revision: &apos;e82be7d358&apos;, time: &apos;2018-11-14T08:17:03&apos;&#10;System info: host: &apos;DESKTOP-GQLE896&apos;, ip: &apos;192.168.0.16&apos;, os.name: &apos;Windows 10&apos;, os.arch: &apos;amd64&apos;, os.version: &apos;10.0&apos;, java.version: &apos;1.8.0_311&apos;&#10;Driver info: driver.version: FirefoxDriver&#10;remote stacktrace: " type="org.openqa.selenium.WebDriverException">org.openqa.selenium.WebDriverException: 
Process unexpectedly closed with status 0
Build info: version: '3.141.59', revision: 'e82be7d358', time: '2018-11-14T08:17:03'
System info: host: 'DESKTOP-GQLE896', ip: '192.168.0.16', os.name: 'Windows 10', os.arch: 'amd64', os.version: '10.0', java.version: '1.8.0_311'
Driver info: driver.version: FirefoxDriver
remote stacktrace: 
</failure>
    <system-err><![CDATA[1642286979247	geckodriver	INFO	Listening on 127.0.0.1:8630
1642286980139	mozrunner::runner	INFO	Running command: "C:\\Program Files\\Mozilla Firefox\\firefox.exe" "--marionette" "-no-remote" "-profile" "C:\\Users\\Dhara\\AppData\\Local\\Temp\\rust_mozprofileJ6GL7F"
]]></system-err>
  </testcase>
  <testcase name="SetupBrowser" classname="org.example.TestSuite" time="0">
    <skipped/>
  </testcase>
  <testcase name="SetupBrowser" classname="org.example.TestSuite" time="0">
    <skipped/>
  </testcase>
  <testcase name="SetupBrowser" classname="org.example.TestSuite" time="0">
    <skipped/>
  </testcase>
  <testcase name="VerifyRegisterUserShouldBeAbleToReferAProductToFriend" classname="org.example.TestSuite" time="0">
    <skipped message="Process unexpectedly closed with status 0&#10;Build info: version: &apos;3.141.59&apos;, revision: &apos;e82be7d358&apos;, time: &apos;2018-11-14T08:17:03&apos;&#10;System info: host: &apos;DESKTOP-GQLE896&apos;, ip: &apos;192.168.0.16&apos;, os.name: &apos;Windows 10&apos;, os.arch: &apos;amd64&apos;, os.version: &apos;10.0&apos;, java.version: &apos;1.8.0_311&apos;&#10;Driver info: driver.version: FirefoxDriver&#10;remote stacktrace: "/>
  </testcase>
  <testcase name="closeBrowser" classname="org.example.TestSuite" time="0">
    <skipped/>
  </testcase>
  <testcase name="closeBrowser" classname="org.example.TestSuite" time="0">
    <skipped/>
  </testcase>
  <testcase name="closeBrowser" classname="org.example.TestSuite" time="0">
    <skipped/>
  </testcase>
  <testcase name="closeBrowser" classname="org.example.TestSuite" time="0">
    <skipped/>
  </testcase>
  <testcase name="VerifyUserShouldBeAbleToNavigateToDesktopPage" classname="org.example.TestSuite" time="0">
    <skipped message="Process unexpectedly closed with status 0&#10;Build info: version: &apos;3.141.59&apos;, revision: &apos;e82be7d358&apos;, time: &apos;2018-11-14T08:17:03&apos;&#10;System info: host: &apos;DESKTOP-GQLE896&apos;, ip: &apos;192.168.0.16&apos;, os.name: &apos;Windows 10&apos;, os.arch: &apos;amd64&apos;, os.version: &apos;10.0&apos;, java.version: &apos;1.8.0_311&apos;&#10;Driver info: driver.version: FirefoxDriver&#10;remote stacktrace: "/>
  </testcase>
  <testcase name="userAddedMessageNewsCommentSuccessFullyInPage" classname="org.example.TestSuite" time="0">
    <skipped message="Process unexpectedly closed with status 0&#10;Build info: version: &apos;3.141.59&apos;, revision: &apos;e82be7d358&apos;, time: &apos;2018-11-14T08:17:03&apos;&#10;System info: host: &apos;DESKTOP-GQLE896&apos;, ip: &apos;192.168.0.16&apos;, os.name: &apos;Windows 10&apos;, os.arch: &apos;amd64&apos;, os.version: &apos;10.0&apos;, java.version: &apos;1.8.0_311&apos;&#10;Driver info: driver.version: FirefoxDriver&#10;remote stacktrace: "/>
  </testcase>
  <testcase name="verifyUserShouldbeabletoRegisterSuccesfully" classname="org.example.TestSuite" time="0">
    <skipped message="Process unexpectedly closed with status 0&#10;Build info: version: &apos;3.141.59&apos;, revision: &apos;e82be7d358&apos;, time: &apos;2018-11-14T08:17:03&apos;&#10;System info: host: &apos;DESKTOP-GQLE896&apos;, ip: &apos;192.168.0.16&apos;, os.name: &apos;Windows 10&apos;, os.arch: &apos;amd64&apos;, os.version: &apos;10.0&apos;, java.version: &apos;1.8.0_311&apos;&#10;Driver info: driver.version: FirefoxDriver&#10;remote stacktrace: "/>
  </testcase>
</testsuite>